build/app/intermediates/manifest_merge_blame_file/release/manifest-merger-blame-release-report.txt
1<?xml version="1.0" encoding="utf-8"?>
2<manifest xmlns:android="http://schemas.android.com/apk/res/android"
3    package="com.bt.business.bt_business"
4    android:versionCode="1"
5    android:versionName="1.0.0" >
6
7    <uses-sdk
8        android:minSdkVersion="18"
8-->src/main/AndroidManifest.xml
9        android:targetSdkVersion="30" />
9-->src/main/AndroidManifest.xml
10
11    <application
11-->src/main/AndroidManifest.xml:3:4-29:19
12        android:name="androidx.multidex.MultiDexApplication"
13        android:appComponentFactory="androidx.core.app.CoreComponentFactory"
13-->[androidx.core:core:1.6.0] AndroidManifest.xml:24:18-86
14        android:icon="@mipmap/ic_launcher"
14-->src/main/AndroidManifest.xml:5:9-43
15        android:label="bt_business" >
15-->src/main/AndroidManifest.xml:4:9-36
16        <activity
16-->src/main/AndroidManifest.xml:6:9-25:20
17            android:name="com.bt.business.bt_business.MainActivity"
17-->src/main/AndroidManifest.xml:7:13-41
18            android:configChanges="orientation|keyboardHidden|keyboard|screenSize|smallestScreenSize|locale|layoutDirection|fontScale|screenLayout|density|uiMode"
18-->src/main/AndroidManifest.xml:10:13-163
19            android:hardwareAccelerated="true"
19-->src/main/AndroidManifest.xml:11:13-47
20            android:launchMode="singleTop"
20-->src/main/AndroidManifest.xml:8:13-43
21            android:theme="@style/LaunchTheme"
21-->src/main/AndroidManifest.xml:9:13-47
22            android:windowSoftInputMode="adjustResize" >
22-->src/main/AndroidManifest.xml:12:13-55
23
24            <!--
25                 Specifies an Android theme to apply to this Activity as soon as
26                 the Android process has started. This theme is visible to the user
27                 while the Flutter UI initializes. After that, this theme continues
28                 to determine the Window background behind the Flutter UI.
29            -->
30            <meta-data
30-->src/main/AndroidManifest.xml:17:13-20:17
31                android:name="io.flutter.embedding.android.NormalTheme"
31-->src/main/AndroidManifest.xml:18:15-70
32                android:resource="@style/NormalTheme" />
32-->src/main/AndroidManifest.xml:19:15-52
33
34            <intent-filter>
34-->src/main/AndroidManifest.xml:21:13-24:29
35                <action android:name="android.intent.action.MAIN" />
35-->src/main/AndroidManifest.xml:22:17-68
35-->src/main/AndroidManifest.xml:22:25-66
36
37                <category android:name="android.intent.category.LAUNCHER" />
37-->src/main/AndroidManifest.xml:23:17-76
37-->src/main/AndroidManifest.xml:23:27-74
38            </intent-filter>
39        </activity>
40
41        <meta-data
41-->src/main/AndroidManifest.xml:26:9-28:33
42            android:name="flutterEmbedding"
42-->src/main/AndroidManifest.xml:27:13-44
43            android:value="2" />
43-->src/main/AndroidManifest.xml:28:13-30
44    </application>
45
46</manifest>